[ 2020-05-25T19:58:08+08:00 ][ info ] [ BEHAVIOR ] Run Closure @app_init [ RunTime:0.001894s ]
[ info ] [ LOG ] INIT File
[ 2020-05-25T19:58:08+08:00 ][ info ] [ CACHE ] INIT File
[ 2020-05-25T19:58:08+08:00 ][ info ] [ BEHAVIOR ] Run Closure @app_init [ RunTime:0.004851s ]
[ 2020-05-25T19:59:03+08:00 ][ info ] [ BEHAVIOR ] Run Closure @app_init [ RunTime:0.000117s ]
[ info ] [ LOG ] INIT File
[ 2020-05-25T19:59:03+08:00 ][ info ] [ CACHE ] INIT File
[ 2020-05-25T19:59:03+08:00 ][ info ] [ BEHAVIOR ] Run Closure @app_init [ RunTime:0.004540s ]
[ 2020-05-25T21:20:04+08:00 ][ info ] [ BEHAVIOR ] Run Closure @app_init [ RunTime:0.000113s ]
[ info ] [ LOG ] INIT File
[ 2020-05-25T21:20:04+08:00 ][ info ] [ CACHE ] INIT File
[ 2020-05-25T21:20:04+08:00 ][ info ] [ BEHAVIOR ] Run Closure @app_init [ RunTime:0.004493s ]
[ 2020-05-25T21:20:04+08:00 ][ info ] [ DB ] INIT mysql
[ 2020-05-25T21:20:17+08:00 ][ info ] [ BEHAVIOR ] Run Closure @app_init [ RunTime:0.000120s ]
[ info ] [ LOG ] INIT File
[ 2020-05-25T21:20:17+08:00 ][ info ] [ CACHE ] INIT File
[ 2020-05-25T21:20:17+08:00 ][ info ] [ BEHAVIOR ] Run Closure @app_init [ RunTime:0.004411s ]
[ 2020-05-25T21:20:17+08:00 ][ info ] [ DB ] INIT mysql
[ 2020-05-25T21:20:17+08:00 ][ info ] [ BEHAVIOR ] Run Closure @app_init [ RunTime:0.000113s ]
[ info ] [ LOG ] INIT File
[ 2020-05-25T21:20:17+08:00 ][ info ] [ CACHE ] INIT File
[ 2020-05-25T21:20:17+08:00 ][ info ] [ BEHAVIOR ] Run Closure @app_init [ RunTime:0.004549s ]
[ 2020-05-25T21:20:17+08:00 ][ info ] [ DB ] INIT mysql
[ 2020-05-25T21:20:17+08:00 ][ info ] [ LANG ] D:\code\unsw\application\admin\lang/zh-cn.php
[ 2020-05-25T21:21:04+08:00 ][ info ] [ BEHAVIOR ] Run Closure @app_init [ RunTime:0.000127s ]
[ info ] [ LOG ] INIT File
[ 2020-05-25T21:21:04+08:00 ][ info ] [ CACHE ] INIT File
[ 2020-05-25T21:21:04+08:00 ][ info ] [ BEHAVIOR ] Run Closure @app_init [ RunTime:0.004360s ]
[ 2020-05-25T21:21:04+08:00 ][ info ] [ DB ] INIT mysql
[ 2020-05-25T21:21:04+08:00 ][ info ] [ BEHAVIOR ] Run Closure @app_init [ RunTime:0.000111s ]
[ info ] [ LOG ] INIT File
[ 2020-05-25T21:21:04+08:00 ][ info ] [ CACHE ] INIT File
[ 2020-05-25T21:21:04+08:00 ][ info ] [ BEHAVIOR ] Run Closure @app_init [ RunTime:0.004300s ]
[ 2020-05-25T21:21:04+08:00 ][ info ] [ DB ] INIT mysql
[ 2020-05-25T21:21:04+08:00 ][ info ] [ LANG ] D:\code\unsw\application\admin\lang/zh-cn.php
