[ 2020-06-27T18:28:57+08:00 ][ info ] [ BEHAVIOR ] Run Closure @app_init [ RunTime:0.002378s ]
[ info ] [ LOG ] INIT File
[ 2020-06-27T18:28:57+08:00 ][ info ] [ CACHE ] INIT File
[ 2020-06-27T18:28:57+08:00 ][ info ] [ BEHAVIOR ] Run Closure @app_init [ RunTime:0.004210s ]
[ 2020-06-27T18:28:57+08:00 ][ info ] [ DB ] INIT mysql
[ 2020-06-27T18:29:04+08:00 ][ info ] [ BEHAVIOR ] Run Closure @app_init [ RunTime:0.000104s ]
[ info ] [ LOG ] INIT File
[ 2020-06-27T18:29:04+08:00 ][ info ] [ CACHE ] INIT File
[ 2020-06-27T18:29:04+08:00 ][ info ] [ BEHAVIOR ] Run Closure @app_init [ RunTime:0.003818s ]
[ 2020-06-27T18:29:04+08:00 ][ info ] [ DB ] INIT mysql
[ 2020-06-27T18:29:05+08:00 ][ info ] [ BEHAVIOR ] Run Closure @app_init [ RunTime:0.000100s ]
[ info ] [ LOG ] INIT File
[ 2020-06-27T18:29:05+08:00 ][ info ] [ CACHE ] INIT File
[ 2020-06-27T18:29:05+08:00 ][ info ] [ BEHAVIOR ] Run Closure @app_init [ RunTime:0.003750s ]
[ 2020-06-27T18:29:05+08:00 ][ info ] [ DB ] INIT mysql
[ 2020-06-27T18:29:05+08:00 ][ info ] [ LANG ] D:\code\unsw\application\admin\lang/zh-cn.php
[ 2020-06-27T18:32:10+08:00 ][ info ] [ BEHAVIOR ] Run Closure @app_init [ RunTime:0.000114s ]
[ info ] [ LOG ] INIT File
[ 2020-06-27T18:32:10+08:00 ][ info ] [ CACHE ] INIT File
[ 2020-06-27T18:32:10+08:00 ][ info ] [ BEHAVIOR ] Run Closure @app_init [ RunTime:0.003931s ]
[ 2020-06-27T18:32:10+08:00 ][ info ] [ DB ] INIT mysql
[ 2020-06-27T18:32:10+08:00 ][ info ] [ BEHAVIOR ] Run Closure @app_init [ RunTime:0.000106s ]
[ info ] [ LOG ] INIT File
[ 2020-06-27T18:32:10+08:00 ][ info ] [ CACHE ] INIT File
[ 2020-06-27T18:32:10+08:00 ][ info ] [ BEHAVIOR ] Run Closure @app_init [ RunTime:0.003968s ]
[ 2020-06-27T18:32:10+08:00 ][ info ] [ DB ] INIT mysql
[ 2020-06-27T18:32:10+08:00 ][ info ] [ LANG ] D:\code\unsw\application\admin\lang/zh-cn.php
[ 2020-06-27T18:34:28+08:00 ][ info ] [ BEHAVIOR ] Run Closure @app_init [ RunTime:0.000111s ]
[ info ] [ LOG ] INIT File
[ 2020-06-27T18:34:28+08:00 ][ info ] [ CACHE ] INIT File
[ 2020-06-27T18:34:28+08:00 ][ info ] [ BEHAVIOR ] Run Closure @app_init [ RunTime:0.003813s ]
[ 2020-06-27T18:34:28+08:00 ][ info ] [ DB ] INIT mysql
[ 2020-06-27T18:34:29+08:00 ][ info ] [ BEHAVIOR ] Run Closure @app_init [ RunTime:0.000108s ]
[ info ] [ LOG ] INIT File
[ 2020-06-27T18:34:29+08:00 ][ info ] [ CACHE ] INIT File
[ 2020-06-27T18:34:29+08:00 ][ info ] [ BEHAVIOR ] Run Closure @app_init [ RunTime:0.003955s ]
[ 2020-06-27T18:34:29+08:00 ][ info ] [ DB ] INIT mysql
[ 2020-06-27T18:34:29+08:00 ][ info ] [ LANG ] D:\code\unsw\application\admin\lang/zh-cn.php
[ 2020-06-27T18:35:03+08:00 ][ info ] [ BEHAVIOR ] Run Closure @app_init [ RunTime:0.000105s ]
[ info ] [ LOG ] INIT File
[ 2020-06-27T18:35:03+08:00 ][ info ] [ CACHE ] INIT File
[ 2020-06-27T18:35:03+08:00 ][ info ] [ BEHAVIOR ] Run Closure @app_init [ RunTime:0.003953s ]
[ 2020-06-27T18:35:03+08:00 ][ info ] [ DB ] INIT mysql
[ 2020-06-27T18:35:03+08:00 ][ info ] [ BEHAVIOR ] Run Closure @app_init [ RunTime:0.000100s ]
[ info ] [ LOG ] INIT File
[ 2020-06-27T18:35:03+08:00 ][ info ] [ CACHE ] INIT File
[ 2020-06-27T18:35:03+08:00 ][ info ] [ BEHAVIOR ] Run Closure @app_init [ RunTime:0.003647s ]
[ 2020-06-27T18:35:03+08:00 ][ info ] [ DB ] INIT mysql
[ 2020-06-27T18:35:03+08:00 ][ info ] [ LANG ] D:\code\unsw\application\admin\lang/zh-cn.php
[ 2020-06-27T18:44:33+08:00 ][ info ] [ BEHAVIOR ] Run Closure @app_init [ RunTime:0.000103s ]
[ info ] [ LOG ] INIT File
[ 2020-06-27T18:44:33+08:00 ][ info ] [ CACHE ] INIT File
[ 2020-06-27T18:44:33+08:00 ][ info ] [ BEHAVIOR ] Run Closure @app_init [ RunTime:0.004245s ]
[ 2020-06-27T18:44:33+08:00 ][ info ] [ DB ] INIT mysql
[ 2020-06-27T18:44:54+08:00 ][ info ] [ BEHAVIOR ] Run Closure @app_init [ RunTime:0.000101s ]
[ info ] [ LOG ] INIT File
[ 2020-06-27T18:44:54+08:00 ][ info ] [ CACHE ] INIT File
[ 2020-06-27T18:44:54+08:00 ][ info ] [ BEHAVIOR ] Run Closure @app_init [ RunTime:0.004069s ]
[ 2020-06-27T18:44:54+08:00 ][ info ] [ DB ] INIT mysql
[ 2020-06-27T18:45:01+08:00 ][ info ] [ BEHAVIOR ] Run Closure @app_init [ RunTime:0.000110s ]
[ info ] [ LOG ] INIT File
[ 2020-06-27T18:45:02+08:00 ][ info ] [ CACHE ] INIT File
[ 2020-06-27T18:45:02+08:00 ][ info ] [ BEHAVIOR ] Run Closure @app_init [ RunTime:0.004130s ]
[ 2020-06-27T18:45:02+08:00 ][ info ] [ DB ] INIT mysql
[ 2020-06-27T18:45:02+08:00 ][ info ] [ BEHAVIOR ] Run Closure @app_init [ RunTime:0.000107s ]
[ info ] [ LOG ] INIT File
[ 2020-06-27T18:45:02+08:00 ][ info ] [ CACHE ] INIT File
[ 2020-06-27T18:45:02+08:00 ][ info ] [ BEHAVIOR ] Run Closure @app_init [ RunTime:0.004024s ]
[ 2020-06-27T18:45:02+08:00 ][ info ] [ DB ] INIT mysql
[ 2020-06-27T18:45:02+08:00 ][ info ] [ LANG ] D:\code\unsw\application\admin\lang/zh-cn.php
[ 2020-06-27T18:45:57+08:00 ][ info ] [ BEHAVIOR ] Run Closure @app_init [ RunTime:0.000102s ]
[ info ] [ LOG ] INIT File
[ 2020-06-27T18:45:57+08:00 ][ info ] [ CACHE ] INIT File
[ 2020-06-27T18:45:57+08:00 ][ info ] [ BEHAVIOR ] Run Closure @app_init [ RunTime:0.004062s ]
[ 2020-06-27T18:45:57+08:00 ][ info ] [ DB ] INIT mysql
[ 2020-06-27T18:45:57+08:00 ][ info ] [ BEHAVIOR ] Run Closure @app_init [ RunTime:0.000109s ]
[ info ] [ LOG ] INIT File
[ 2020-06-27T18:45:57+08:00 ][ info ] [ CACHE ] INIT File
[ 2020-06-27T18:45:57+08:00 ][ info ] [ BEHAVIOR ] Run Closure @app_init [ RunTime:0.003983s ]
[ 2020-06-27T18:45:57+08:00 ][ info ] [ DB ] INIT mysql
[ 2020-06-27T18:45:57+08:00 ][ info ] [ LANG ] D:\code\unsw\application\admin\lang/zh-cn.php
[ 2020-06-27T20:58:39+08:00 ][ info ] [ BEHAVIOR ] Run Closure @app_init [ RunTime:0.000111s ]
[ info ] [ LOG ] INIT File
[ 2020-06-27T20:58:39+08:00 ][ info ] [ CACHE ] INIT File
[ 2020-06-27T20:58:39+08:00 ][ info ] [ BEHAVIOR ] Run Closure @app_init [ RunTime:0.003712s ]
[ 2020-06-27T20:58:39+08:00 ][ info ] [ DB ] INIT mysql
[ 2020-06-27T20:58:39+08:00 ][ info ] [ BEHAVIOR ] Run Closure @app_init [ RunTime:0.000100s ]
[ info ] [ LOG ] INIT File
[ 2020-06-27T20:58:39+08:00 ][ info ] [ CACHE ] INIT File
[ 2020-06-27T20:58:39+08:00 ][ info ] [ BEHAVIOR ] Run Closure @app_init [ RunTime:0.003748s ]
[ 2020-06-27T20:58:39+08:00 ][ info ] [ DB ] INIT mysql
[ 2020-06-27T20:58:39+08:00 ][ info ] [ LANG ] D:\code\unsw\application\admin\lang/zh-cn.php
